\BOOKMARK [0][-]{chapter*.1}{Abstract}{}% 1
\BOOKMARK [0][-]{chapter*.2}{Resum\351}{}% 2
\BOOKMARK [0][-]{chapter*.3}{Forord}{}% 3
\BOOKMARK [0][-]{chapter*.4}{Forkortelser}{}% 4
\BOOKMARK [0][-]{chapter*.5}{Formler}{}% 5
\BOOKMARK [0][-]{chapter.1}{Indledning}{}% 6
\BOOKMARK [0][-]{chapter.2}{Metoder}{}% 7
\BOOKMARK [0][-]{chapter.3}{De fire MTV-elementer}{}% 8
\BOOKMARK [0][-]{chapter.4}{Teknologi}{}% 9
\BOOKMARK [0][-]{chapter.5}{Patient}{}% 10
\BOOKMARK [1][-]{section.5.1}{Sociale forhold }{chapter.5}% 11
\BOOKMARK [1][-]{section.5.2}{Kommunikative forhold}{chapter.5}% 12
\BOOKMARK [1][-]{section.5.3}{Individuelle forhold}{chapter.5}% 13
\BOOKMARK [1][-]{section.5.4}{Etiske forhold}{chapter.5}% 14
\BOOKMARK [1][-]{section.5.5}{\330konomiske forhold}{chapter.5}% 15
\BOOKMARK [1][-]{section.5.6}{Delkonklusion }{chapter.5}% 16
\BOOKMARK [0][-]{chapter.6}{Organisation}{}% 17
\BOOKMARK [0][-]{chapter.7}{\330konomi}{}% 18
\BOOKMARK [0][-]{chapter.8}{Konklusion}{}% 19
\BOOKMARK [0][-]{chapter.9}{Perspektivering}{}% 20
\BOOKMARK [0][-]{chapter.10}{Referencer}{}% 21
\BOOKMARK [0][-]{chapter.11}{Bilag}{}% 22
\BOOKMARK [0][-]{section*.9}{Litteratur}{}% 23
